<?xml version="1.0" encoding="UTF-8"?>
<testsuite xmlns:xsi="http://www.w3.org/2001/XMLSchema-instance" xsi:noNamespaceSchemaLocation="https://maven.apache.org/surefire/maven-surefire-plugin/xsd/surefire-test-report-3.0.xsd" version="3.0" name="org.tofu.tofunomics.dao.JobDAOTest" time="0.354" tests="25" errors="0" skipped="0" failures="0">
  <properties>
    <property name="java.specification.version" value="17"/>
    <property name="sun.jnu.encoding" value="UTF-8"/>
    <property name="java.class.path" value="/Users/kuriharaataru/dev/github.com/codoor-app/TofuNomics/target/test-classes:/Users/kuriharaataru/dev/github.com/codoor-app/TofuNomics/target/classes:/Users/kuriharaataru/.m2/repository/org/spigotmc/spigot-api/1.16.5-R0.1-SNAPSHOT/spigot-api-1.16.5-R0.1-SNAPSHOT.jar:/Users/kuriharaataru/.m2/repository/commons-lang/commons-lang/2.6/commons-lang-2.6.jar:/Users/kuriharaataru/.m2/repository/com/google/guava/guava/21.0/guava-21.0.jar:/Users/kuriharaataru/.m2/repository/com/google/code/gson/gson/2.8.0/gson-2.8.0.jar:/Users/kuriharaataru/.m2/repository/net/md-5/bungeecord-chat/1.16-R0.4/bungeecord-chat-1.16-R0.4.jar:/Users/kuriharaataru/.m2/repository/org/yaml/snakeyaml/1.27/snakeyaml-1.27.jar:/Users/kuriharaataru/.m2/repository/org/xerial/sqlite-jdbc/3.36.0.3/sqlite-jdbc-3.36.0.3.jar:/Users/kuriharaataru/.m2/repository/com/zaxxer/HikariCP/3.4.5/HikariCP-3.4.5.jar:/Users/kuriharaataru/.m2/repository/org/slf4j/slf4j-api/1.7.25/slf4j-api-1.7.25.jar:/Users/kuriharaataru/.m2/repository/junit/junit/4.13.2/junit-4.13.2.jar:/Users/kuriharaataru/.m2/repository/org/hamcrest/hamcrest-core/1.3/hamcrest-core-1.3.jar:/Users/kuriharaataru/.m2/repository/org/mockito/mockito-inline/4.11.0/mockito-inline-4.11.0.jar:/Users/kuriharaataru/.m2/repository/org/mockito/mockito-core/4.11.0/mockito-core-4.11.0.jar:/Users/kuriharaataru/.m2/repository/net/bytebuddy/byte-buddy/1.12.19/byte-buddy-1.12.19.jar:/Users/kuriharaataru/.m2/repository/net/bytebuddy/byte-buddy-agent/1.12.19/byte-buddy-agent-1.12.19.jar:/Users/kuriharaataru/.m2/repository/org/objenesis/objenesis/3.3/objenesis-3.3.jar:/Users/kuriharaataru/.m2/repository/com/h2database/h2/1.4.200/h2-1.4.200.jar:"/>
    <property name="java.vm.vendor" value="Oracle Corporation"/>
    <property name="sun.arch.data.model" value="64"/>
    <property name="java.vendor.url" value="https://java.oracle.com/"/>
    <property name="os.name" value="Mac OS X"/>
    <property name="java.vm.specification.version" value="17"/>
    <property name="user.country" value="JP"/>
    <property name="sun.java.launcher" value="SUN_STANDARD"/>
    <property name="sun.boot.library.path" value="/Library/Java/JavaVirtualMachines/jdk-17.jdk/Contents/Home/lib"/>
    <property name="sun.java.command" value="/Users/kuriharaataru/dev/github.com/codoor-app/TofuNomics/target/surefire/surefirebooter-20250924194702089_3.jar /Users/kuriharaataru/dev/github.com/codoor-app/TofuNomics/target/surefire 2025-09-24T19-47-01_984-jvmRun1 surefire-20250924194702089_1tmp surefire_0-20250924194702089_2tmp"/>
    <property name="http.nonProxyHosts" value="local|*.local|169.254/16|*.169.254/16"/>
    <property name="jdk.debug" value="release"/>
    <property name="surefire.test.class.path" value="/Users/kuriharaataru/dev/github.com/codoor-app/TofuNomics/target/test-classes:/Users/kuriharaataru/dev/github.com/codoor-app/TofuNomics/target/classes:/Users/kuriharaataru/.m2/repository/org/spigotmc/spigot-api/1.16.5-R0.1-SNAPSHOT/spigot-api-1.16.5-R0.1-SNAPSHOT.jar:/Users/kuriharaataru/.m2/repository/commons-lang/commons-lang/2.6/commons-lang-2.6.jar:/Users/kuriharaataru/.m2/repository/com/google/guava/guava/21.0/guava-21.0.jar:/Users/kuriharaataru/.m2/repository/com/google/code/gson/gson/2.8.0/gson-2.8.0.jar:/Users/kuriharaataru/.m2/repository/net/md-5/bungeecord-chat/1.16-R0.4/bungeecord-chat-1.16-R0.4.jar:/Users/kuriharaataru/.m2/repository/org/yaml/snakeyaml/1.27/snakeyaml-1.27.jar:/Users/kuriharaataru/.m2/repository/org/xerial/sqlite-jdbc/3.36.0.3/sqlite-jdbc-3.36.0.3.jar:/Users/kuriharaataru/.m2/repository/com/zaxxer/HikariCP/3.4.5/HikariCP-3.4.5.jar:/Users/kuriharaataru/.m2/repository/org/slf4j/slf4j-api/1.7.25/slf4j-api-1.7.25.jar:/Users/kuriharaataru/.m2/repository/junit/junit/4.13.2/junit-4.13.2.jar:/Users/kuriharaataru/.m2/repository/org/hamcrest/hamcrest-core/1.3/hamcrest-core-1.3.jar:/Users/kuriharaataru/.m2/repository/org/mockito/mockito-inline/4.11.0/mockito-inline-4.11.0.jar:/Users/kuriharaataru/.m2/repository/org/mockito/mockito-core/4.11.0/mockito-core-4.11.0.jar:/Users/kuriharaataru/.m2/repository/net/bytebuddy/byte-buddy/1.12.19/byte-buddy-1.12.19.jar:/Users/kuriharaataru/.m2/repository/net/bytebuddy/byte-buddy-agent/1.12.19/byte-buddy-agent-1.12.19.jar:/Users/kuriharaataru/.m2/repository/org/objenesis/objenesis/3.3/objenesis-3.3.jar:/Users/kuriharaataru/.m2/repository/com/h2database/h2/1.4.200/h2-1.4.200.jar:"/>
    <property name="sun.cpu.endian" value="little"/>
    <property name="user.home" value="/Users/kuriharaataru"/>
    <property name="user.language" value="ja"/>
    <property name="java.specification.vendor" value="Oracle Corporation"/>
    <property name="java.version.date" value="2024-01-16"/>
    <property name="java.home" value="/Library/Java/JavaVirtualMachines/jdk-17.jdk/Contents/Home"/>
    <property name="file.separator" value="/"/>
    <property name="style.color" value="always"/>
    <property name="basedir" value="/Users/kuriharaataru/dev/github.com/codoor-app/TofuNomics"/>
    <property name="java.vm.compressedOopsMode" value="Zero based"/>
    <property name="line.separator" value="&#10;"/>
    <property name="java.vm.specification.vendor" value="Oracle Corporation"/>
    <property name="java.specification.name" value="Java Platform API Specification"/>
    <property name="surefire.real.class.path" value="/Users/kuriharaataru/dev/github.com/codoor-app/TofuNomics/target/surefire/surefirebooter-20250924194702089_3.jar"/>
    <property name="sun.management.compiler" value="HotSpot 64-Bit Tiered Compilers"/>
    <property name="ftp.nonProxyHosts" value="local|*.local|169.254/16|*.169.254/16"/>
    <property name="java.runtime.version" value="17.0.10+11-LTS-240"/>
    <property name="user.name" value="kuriharaataru"/>
    <property name="path.separator" value=":"/>
    <property name="os.version" value="15.6.1"/>
    <property name="java.runtime.name" value="Java(TM) SE Runtime Environment"/>
    <property name="file.encoding" value="UTF-8"/>
    <property name="java.vm.name" value="Java HotSpot(TM) 64-Bit Server VM"/>
    <property name="maven.ext.class.path" value="/Applications/IntelliJ IDEA CE.app/Contents/plugins/maven/lib/maven-event-listener.jar"/>
    <property name="localRepository" value="/Users/kuriharaataru/.m2/repository"/>
    <property name="java.vendor.url.bug" value="https://bugreport.java.com/bugreport/"/>
    <property name="java.io.tmpdir" value="/var/folders/0_/xhpl41rj53q9h20dmr7_xs700000gn/T/"/>
    <property name="idea.version" value="2025.2"/>
    <property name="java.version" value="17.0.10"/>
    <property name="user.dir" value="/Users/kuriharaataru/dev/github.com/codoor-app/TofuNomics"/>
    <property name="os.arch" value="aarch64"/>
    <property name="jansi.passthrough" value="true"/>
    <property name="java.vm.specification.name" value="Java Virtual Machine Specification"/>
    <property name="native.encoding" value="UTF-8"/>
    <property name="java.library.path" value="/Users/kuriharaataru/Library/Java/Extensions:/Library/Java/Extensions:/Network/Library/Java/Extensions:/System/Library/Java/Extensions:/usr/lib/java:."/>
    <property name="java.vm.info" value="mixed mode, sharing"/>
    <property name="java.vendor" value="Oracle Corporation"/>
    <property name="java.vm.version" value="17.0.10+11-LTS-240"/>
    <property name="sun.io.unicode.encoding" value="UnicodeBig"/>
    <property name="socksNonProxyHosts" value="local|*.local|169.254/16|*.169.254/16"/>
    <property name="java.class.version" value="61.0"/>
  </properties>
  <testcase name="testJobWithNullValues" classname="org.tofu.tofunomics.dao.JobDAOTest" time="0.245"/>
  <testcase name="testUpdateJobNonExistent" classname="org.tofu.tofunomics.dao.JobDAOTest" time="0.009"/>
  <testcase name="testUpdateJob" classname="org.tofu.tofunomics.dao.JobDAOTest" time="0.013"/>
  <testcase name="testJobWithExtremeValues" classname="org.tofu.tofunomics.dao.JobDAOTest" time="0.003"/>
  <testcase name="testGetJobById" classname="org.tofu.tofunomics.dao.JobDAOTest" time="0.003"/>
  <testcase name="testGetJobByIdNotExists" classname="org.tofu.tofunomics.dao.JobDAOTest" time="0.002"/>
  <testcase name="testJobWithNegativeBaseIncome" classname="org.tofu.tofunomics.dao.JobDAOTest" time="0.002"/>
  <testcase name="testGetJobByNameNotExists" classname="org.tofu.tofunomics.dao.JobDAOTest" time="0.002"/>
  <testcase name="testDeleteJobNonExistent" classname="org.tofu.tofunomics.dao.JobDAOTest" time="0.002"/>
  <testcase name="testGetAllJobs" classname="org.tofu.tofunomics.dao.JobDAOTest" time="0.004"/>
  <testcase name="testGetJobNames" classname="org.tofu.tofunomics.dao.JobDAOTest" time="0.002"/>
  <testcase name="testJobWithLongNames" classname="org.tofu.tofunomics.dao.JobDAOTest" time="0.002"/>
  <testcase name="testJobExistsSafe" classname="org.tofu.tofunomics.dao.JobDAOTest" time="0.003"/>
  <testcase name="testGetAllJobsEmpty" classname="org.tofu.tofunomics.dao.JobDAOTest" time="0.001"/>
  <testcase name="testDeleteJob" classname="org.tofu.tofunomics.dao.JobDAOTest" time="0.003"/>
  <testcase name="testGetJobByNameSafe" classname="org.tofu.tofunomics.dao.JobDAOTest" time="0.003"/>
  <testcase name="testMapResultSetToJobPrivateMethod" classname="org.tofu.tofunomics.dao.JobDAOTest" time="0.001"/>
  <testcase name="testGetAllJobsSafe" classname="org.tofu.tofunomics.dao.JobDAOTest" time="0.01"/>
  <testcase name="testJobWithZeroMaxLevel" classname="org.tofu.tofunomics.dao.JobDAOTest" time="0.002"/>
  <testcase name="testDuplicateJobCreation" classname="org.tofu.tofunomics.dao.JobDAOTest" time="0.002"/>
  <testcase name="testCreateJob" classname="org.tofu.tofunomics.dao.JobDAOTest" time="0.002"/>
  <testcase name="testJobExists" classname="org.tofu.tofunomics.dao.JobDAOTest" time="0.006"/>
  <testcase name="testGetJobDisplayNames" classname="org.tofu.tofunomics.dao.JobDAOTest" time="0.001"/>
  <testcase name="testGetJobNamesSafe" classname="org.tofu.tofunomics.dao.JobDAOTest" time="0.002"/>
  <testcase name="testGetJobByName" classname="org.tofu.tofunomics.dao.JobDAOTest" time="0.001"/>
</testsuite>